{"/Users/hasherkhan/Desktop/cosc4353_project-1/js/scripts.js": {"path":"/Users/hasherkhan/Desktop/cosc4353_project-1/js/scripts.js","statementMap":{"0":{"start":{"line":3,"column":19},"end":{"line":3,"column":65}},"1":{"start":{"line":5,"column":2},"end":{"line":32,"column":3}},"2":{"start":{"line":7,"column":4},"end":{"line":7,"column":67}},"3":{"start":{"line":8,"column":4},"end":{"line":8,"column":68}},"4":{"start":{"line":9,"column":4},"end":{"line":9,"column":72}},"5":{"start":{"line":10,"column":4},"end":{"line":10,"column":78}},"6":{"start":{"line":13,"column":4},"end":{"line":14,"column":24}},"7":{"start":{"line":15,"column":4},"end":{"line":23,"column":6}},"8":{"start":{"line":26,"column":4},"end":{"line":26,"column":73}},"9":{"start":{"line":29,"column":4},"end":{"line":29,"column":68}},"10":{"start":{"line":30,"column":4},"end":{"line":30,"column":69}},"11":{"start":{"line":31,"column":4},"end":{"line":31,"column":71}},"12":{"start":{"line":36,"column":19},"end":{"line":36,"column":65}},"13":{"start":{"line":37,"column":2},"end":{"line":49,"column":3}},"14":{"start":{"line":39,"column":24},"end":{"line":43,"column":29}},"15":{"start":{"line":45,"column":4},"end":{"line":45,"column":67}},"16":{"start":{"line":48,"column":4},"end":{"line":48,"column":58}},"17":{"start":{"line":54,"column":4},"end":{"line":54,"column":71}},"18":{"start":{"line":56,"column":2},"end":{"line":73,"column":3}},"19":{"start":{"line":57,"column":21},"end":{"line":63,"column":6}},"20":{"start":{"line":64,"column":4},"end":{"line":66,"column":5}},"21":{"start":{"line":65,"column":6},"end":{"line":65,"column":53}},"22":{"start":{"line":68,"column":17},"end":{"line":68,"column":38}},"23":{"start":{"line":69,"column":4},"end":{"line":69,"column":16}},"24":{"start":{"line":71,"column":4},"end":{"line":71,"column":56}},"25":{"start":{"line":72,"column":4},"end":{"line":72,"column":14}},"26":{"start":{"line":76,"column":0},"end":{"line":78,"column":3}},"27":{"start":{"line":77,"column":2},"end":{"line":77,"column":24}},"28":{"start":{"line":80,"column":0},"end":{"line":136,"column":5}},"29":{"start":{"line":83,"column":4},"end":{"line":83,"column":27}},"30":{"start":{"line":84,"column":19},"end":{"line":84,"column":67}},"31":{"start":{"line":85,"column":26},"end":{"line":85,"column":75}},"32":{"start":{"line":86,"column":19},"end":{"line":86,"column":67}},"33":{"start":{"line":87,"column":24},"end":{"line":87,"column":64}},"34":{"start":{"line":88,"column":22},"end":{"line":88,"column":60}},"35":{"start":{"line":91,"column":4},"end":{"line":95,"column":5}},"36":{"start":{"line":92,"column":6},"end":{"line":92,"column":50}},"37":{"start":{"line":93,"column":6},"end":{"line":93,"column":37}},"38":{"start":{"line":94,"column":6},"end":{"line":94,"column":65}},"39":{"start":{"line":98,"column":4},"end":{"line":104,"column":5}},"40":{"start":{"line":99,"column":6},"end":{"line":99,"column":44}},"41":{"start":{"line":100,"column":6},"end":{"line":100,"column":41}},"42":{"start":{"line":101,"column":6},"end":{"line":101,"column":13}},"43":{"start":{"line":103,"column":6},"end":{"line":103,"column":43}},"44":{"start":{"line":108,"column":6},"end":{"line":108,"column":64}},"45":{"start":{"line":110,"column":4},"end":{"line":135,"column":5}},"46":{"start":{"line":112,"column":23},"end":{"line":118,"column":8}},"47":{"start":{"line":120,"column":19},"end":{"line":120,"column":40}},"48":{"start":{"line":122,"column":6},"end":{"line":132,"column":7}},"49":{"start":{"line":124,"column":8},"end":{"line":124,"column":44}},"50":{"start":{"line":125,"column":8},"end":{"line":125,"column":75}},"51":{"start":{"line":129,"column":8},"end":{"line":129,"column":40}},"52":{"start":{"line":130,"column":8},"end":{"line":130,"column":47}},"53":{"start":{"line":131,"column":8},"end":{"line":131,"column":43}},"54":{"start":{"line":134,"column":6},"end":{"line":134,"column":44}},"55":{"start":{"line":138,"column":0},"end":{"line":175,"column":5}},"56":{"start":{"line":141,"column":4},"end":{"line":141,"column":27}},"57":{"start":{"line":143,"column":19},"end":{"line":143,"column":66}},"58":{"start":{"line":144,"column":19},"end":{"line":144,"column":66}},"59":{"start":{"line":148,"column":6},"end":{"line":148,"column":72}},"60":{"start":{"line":150,"column":4},"end":{"line":171,"column":5}},"61":{"start":{"line":152,"column":23},"end":{"line":158,"column":8}},"62":{"start":{"line":160,"column":19},"end":{"line":160,"column":40}},"63":{"start":{"line":162,"column":6},"end":{"line":168,"column":7}},"64":{"start":{"line":163,"column":8},"end":{"line":163,"column":50}},"65":{"start":{"line":165,"column":8},"end":{"line":165,"column":65}},"66":{"start":{"line":166,"column":8},"end":{"line":166,"column":39}},"67":{"start":{"line":167,"column":8},"end":{"line":167,"column":30}},"68":{"start":{"line":170,"column":6},"end":{"line":170,"column":50}},"69":{"start":{"line":172,"column":4},"end":{"line":174,"column":5}},"70":{"start":{"line":173,"column":6},"end":{"line":173,"column":26}},"71":{"start":{"line":177,"column":0},"end":{"line":195,"column":3}},"72":{"start":{"line":178,"column":19},"end":{"line":178,"column":65}},"73":{"start":{"line":179,"column":2},"end":{"line":185,"column":3}},"74":{"start":{"line":181,"column":4},"end":{"line":181,"column":67}},"75":{"start":{"line":182,"column":4},"end":{"line":182,"column":68}},"76":{"start":{"line":183,"column":4},"end":{"line":183,"column":72}},"77":{"start":{"line":184,"column":4},"end":{"line":184,"column":78}},"78":{"start":{"line":187,"column":2},"end":{"line":194,"column":7}},"79":{"start":{"line":190,"column":6},"end":{"line":190,"column":44}},"80":{"start":{"line":191,"column":6},"end":{"line":191,"column":28}},"81":{"start":{"line":193,"column":6},"end":{"line":193,"column":43}},"82":{"start":{"line":197,"column":0},"end":{"line":199,"column":3}},"83":{"start":{"line":198,"column":2},"end":{"line":198,"column":24}},"84":{"start":{"line":201,"column":0},"end":{"line":253,"column":3}},"85":{"start":{"line":202,"column":2},"end":{"line":252,"column":7}},"86":{"start":{"line":206,"column":19},"end":{"line":206,"column":60}},"87":{"start":{"line":207,"column":23},"end":{"line":207,"column":68}},"88":{"start":{"line":208,"column":23},"end":{"line":208,"column":68}},"89":{"start":{"line":209,"column":19},"end":{"line":209,"column":60}},"90":{"start":{"line":210,"column":20},"end":{"line":210,"column":62}},"91":{"start":{"line":211,"column":22},"end":{"line":211,"column":66}},"92":{"start":{"line":213,"column":23},"end":{"line":213,"column":69}},"93":{"start":{"line":214,"column":21},"end":{"line":214,"column":32}},"94":{"start":{"line":217,"column":8},"end":{"line":217,"column":71}},"95":{"start":{"line":219,"column":6},"end":{"line":251,"column":7}},"96":{"start":{"line":220,"column":28},"end":{"line":228,"column":9}},"97":{"start":{"line":230,"column":25},"end":{"line":236,"column":10}},"98":{"start":{"line":237,"column":21},"end":{"line":237,"column":42}},"99":{"start":{"line":239,"column":8},"end":{"line":248,"column":9}},"100":{"start":{"line":240,"column":10},"end":{"line":240,"column":53}},"101":{"start":{"line":242,"column":10},"end":{"line":242,"column":74}},"102":{"start":{"line":244,"column":10},"end":{"line":244,"column":32}},"103":{"start":{"line":245,"column":10},"end":{"line":245,"column":44}},"104":{"start":{"line":250,"column":8},"end":{"line":250,"column":53}},"105":{"start":{"line":256,"column":17},"end":{"line":256,"column":66}},"106":{"start":{"line":258,"column":21},"end":{"line":258,"column":56}},"107":{"start":{"line":261,"column":20},"end":{"line":261,"column":65}},"108":{"start":{"line":262,"column":2},"end":{"line":262,"column":27}},"109":{"start":{"line":264,"column":2},"end":{"line":274,"column":5}},"110":{"start":{"line":265,"column":16},"end":{"line":265,"column":44}},"111":{"start":{"line":266,"column":4},"end":{"line":272,"column":6}},"112":{"start":{"line":273,"column":4},"end":{"line":273,"column":31}},"113":{"start":{"line":278,"column":0},"end":{"line":283,"column":3}},"114":{"start":{"line":279,"column":19},"end":{"line":279,"column":65}},"115":{"start":{"line":280,"column":2},"end":{"line":282,"column":3}},"116":{"start":{"line":281,"column":4},"end":{"line":281,"column":24}},"117":{"start":{"line":284,"column":0},"end":{"line":351,"column":5}},"118":{"start":{"line":287,"column":4},"end":{"line":287,"column":27}},"119":{"start":{"line":289,"column":21},"end":{"line":289,"column":67}},"120":{"start":{"line":290,"column":4},"end":{"line":293,"column":5}},"121":{"start":{"line":291,"column":6},"end":{"line":291,"column":53}},"122":{"start":{"line":292,"column":6},"end":{"line":292,"column":13}},"123":{"start":{"line":295,"column":29},"end":{"line":295,"column":78}},"124":{"start":{"line":296,"column":28},"end":{"line":296,"column":76}},"125":{"start":{"line":297,"column":25},"end":{"line":297,"column":70}},"126":{"start":{"line":298,"column":27},"end":{"line":298,"column":74}},"127":{"start":{"line":299,"column":23},"end":{"line":299,"column":70}},"128":{"start":{"line":302,"column":4},"end":{"line":309,"column":5}},"129":{"start":{"line":303,"column":6},"end":{"line":303,"column":68}},"130":{"start":{"line":304,"column":6},"end":{"line":304,"column":40}},"131":{"start":{"line":305,"column":6},"end":{"line":305,"column":13}},"132":{"start":{"line":307,"column":6},"end":{"line":307,"column":33}},"133":{"start":{"line":308,"column":6},"end":{"line":308,"column":39}},"134":{"start":{"line":312,"column":21},"end":{"line":318,"column":5}},"135":{"start":{"line":320,"column":4},"end":{"line":350,"column":5}},"136":{"start":{"line":321,"column":23},"end":{"line":330,"column":7}},"137":{"start":{"line":332,"column":19},"end":{"line":332,"column":40}},"138":{"start":{"line":334,"column":6},"end":{"line":343,"column":7}},"139":{"start":{"line":335,"column":8},"end":{"line":335,"column":72}},"140":{"start":{"line":336,"column":8},"end":{"line":337,"column":69}},"141":{"start":{"line":340,"column":8},"end":{"line":342,"column":10}},"142":{"start":{"line":345,"column":6},"end":{"line":345,"column":63}},"143":{"start":{"line":346,"column":6},"end":{"line":346,"column":70}},"144":{"start":{"line":347,"column":6},"end":{"line":349,"column":63}},"145":{"start":{"line":352,"column":0},"end":{"line":367,"column":5}},"146":{"start":{"line":355,"column":20},"end":{"line":355,"column":42}},"147":{"start":{"line":356,"column":27},"end":{"line":358,"column":5}},"148":{"start":{"line":361,"column":4},"end":{"line":366,"column":5}},"149":{"start":{"line":362,"column":25},"end":{"line":362,"column":49}},"150":{"start":{"line":363,"column":6},"end":{"line":363,"column":78}},"151":{"start":{"line":365,"column":6},"end":{"line":365,"column":59}},"152":{"start":{"line":369,"column":0},"end":{"line":369,"column":108}}},"fnMap":{"0":{"name":"updateUserInterface","decl":{"start":{"line":1,"column":9},"end":{"line":1,"column":28}},"loc":{"start":{"line":1,"column":31},"end":{"line":33,"column":1}},"line":1},"1":{"name":"populateDeliveryAddress","decl":{"start":{"line":35,"column":9},"end":{"line":35,"column":32}},"loc":{"start":{"line":35,"column":35},"end":{"line":50,"column":1}},"line":35},"2":{"name":"getFuelQuotesByUserId","decl":{"start":{"line":52,"column":15},"end":{"line":52,"column":36}},"loc":{"start":{"line":52,"column":45},"end":{"line":74,"column":1}},"line":52},"3":{"name":"(anonymous_3)","decl":{"start":{"line":76,"column":46},"end":{"line":76,"column":47}},"loc":{"start":{"line":76,"column":58},"end":{"line":78,"column":1}},"line":76},"4":{"name":"(anonymous_4)","decl":{"start":{"line":82,"column":30},"end":{"line":82,"column":31}},"loc":{"start":{"line":82,"column":53},"end":{"line":136,"column":3}},"line":82},"5":{"name":"(anonymous_5)","decl":{"start":{"line":140,"column":30},"end":{"line":140,"column":31}},"loc":{"start":{"line":140,"column":53},"end":{"line":175,"column":3}},"line":140},"6":{"name":"(anonymous_6)","decl":{"start":{"line":177,"column":46},"end":{"line":177,"column":47}},"loc":{"start":{"line":177,"column":58},"end":{"line":195,"column":1}},"line":177},"7":{"name":"(anonymous_7)","decl":{"start":{"line":189,"column":31},"end":{"line":189,"column":32}},"loc":{"start":{"line":189,"column":43},"end":{"line":194,"column":5}},"line":189},"8":{"name":"(anonymous_8)","decl":{"start":{"line":197,"column":46},"end":{"line":197,"column":47}},"loc":{"start":{"line":197,"column":58},"end":{"line":199,"column":1}},"line":197},"9":{"name":"(anonymous_9)","decl":{"start":{"line":201,"column":46},"end":{"line":201,"column":47}},"loc":{"start":{"line":201,"column":58},"end":{"line":253,"column":1}},"line":201},"10":{"name":"(anonymous_10)","decl":{"start":{"line":204,"column":31},"end":{"line":204,"column":32}},"loc":{"start":{"line":204,"column":49},"end":{"line":252,"column":5}},"line":204},"11":{"name":"displayFuelQuotes","decl":{"start":{"line":255,"column":15},"end":{"line":255,"column":32}},"loc":{"start":{"line":255,"column":35},"end":{"line":275,"column":1}},"line":255},"12":{"name":"(anonymous_12)","decl":{"start":{"line":264,"column":21},"end":{"line":264,"column":22}},"loc":{"start":{"line":264,"column":32},"end":{"line":274,"column":3}},"line":264},"13":{"name":"(anonymous_13)","decl":{"start":{"line":278,"column":46},"end":{"line":278,"column":47}},"loc":{"start":{"line":278,"column":58},"end":{"line":283,"column":1}},"line":278},"14":{"name":"(anonymous_14)","decl":{"start":{"line":286,"column":30},"end":{"line":286,"column":31}},"loc":{"start":{"line":286,"column":53},"end":{"line":351,"column":3}},"line":286},"15":{"name":"(anonymous_15)","decl":{"start":{"line":354,"column":29},"end":{"line":354,"column":30}},"loc":{"start":{"line":354,"column":41},"end":{"line":367,"column":3}},"line":354}},"branchMap":{"0":{"loc":{"start":{"line":5,"column":2},"end":{"line":32,"column":3}},"type":"if","locations":[{"start":{"line":5,"column":2},"end":{"line":32,"column":3}},{"start":{"line":27,"column":9},"end":{"line":32,"column":3}}],"line":5},"1":{"loc":{"start":{"line":17,"column":31},"end":{"line":17,"column":62}},"type":"binary-expr","locations":[{"start":{"line":17,"column":31},"end":{"line":17,"column":44}},{"start":{"line":17,"column":48},"end":{"line":17,"column":62}}],"line":17},"2":{"loc":{"start":{"line":18,"column":36},"end":{"line":18,"column":71}},"type":"binary-expr","locations":[{"start":{"line":18,"column":36},"end":{"line":18,"column":53}},{"start":{"line":18,"column":57},"end":{"line":18,"column":71}}],"line":18},"3":{"loc":{"start":{"line":19,"column":36},"end":{"line":19,"column":71}},"type":"binary-expr","locations":[{"start":{"line":19,"column":36},"end":{"line":19,"column":53}},{"start":{"line":19,"column":57},"end":{"line":19,"column":71}}],"line":19},"4":{"loc":{"start":{"line":20,"column":31},"end":{"line":20,"column":62}},"type":"binary-expr","locations":[{"start":{"line":20,"column":31},"end":{"line":20,"column":44}},{"start":{"line":20,"column":48},"end":{"line":20,"column":62}}],"line":20},"5":{"loc":{"start":{"line":21,"column":32},"end":{"line":21,"column":64}},"type":"binary-expr","locations":[{"start":{"line":21,"column":32},"end":{"line":21,"column":46}},{"start":{"line":21,"column":50},"end":{"line":21,"column":64}}],"line":21},"6":{"loc":{"start":{"line":22,"column":34},"end":{"line":22,"column":68}},"type":"binary-expr","locations":[{"start":{"line":22,"column":34},"end":{"line":22,"column":50}},{"start":{"line":22,"column":54},"end":{"line":22,"column":68}}],"line":22},"7":{"loc":{"start":{"line":37,"column":2},"end":{"line":49,"column":3}},"type":"if","locations":[{"start":{"line":37,"column":2},"end":{"line":49,"column":3}},{"start":{"line":46,"column":9},"end":{"line":49,"column":3}}],"line":37},"8":{"loc":{"start":{"line":39,"column":27},"end":{"line":39,"column":50}},"type":"binary-expr","locations":[{"start":{"line":39,"column":27},"end":{"line":39,"column":44}},{"start":{"line":39,"column":48},"end":{"line":39,"column":50}}],"line":39},"9":{"loc":{"start":{"line":40,"column":6},"end":{"line":40,"column":29}},"type":"binary-expr","locations":[{"start":{"line":40,"column":6},"end":{"line":40,"column":23}},{"start":{"line":40,"column":27},"end":{"line":40,"column":29}}],"line":40},"10":{"loc":{"start":{"line":41,"column":9},"end":{"line":41,"column":28}},"type":"binary-expr","locations":[{"start":{"line":41,"column":9},"end":{"line":41,"column":22}},{"start":{"line":41,"column":26},"end":{"line":41,"column":28}}],"line":41},"11":{"loc":{"start":{"line":41,"column":32},"end":{"line":41,"column":52}},"type":"binary-expr","locations":[{"start":{"line":41,"column":32},"end":{"line":41,"column":46}},{"start":{"line":41,"column":50},"end":{"line":41,"column":52}}],"line":41},"12":{"loc":{"start":{"line":41,"column":56},"end":{"line":41,"column":78}},"type":"binary-expr","locations":[{"start":{"line":41,"column":56},"end":{"line":41,"column":72}},{"start":{"line":41,"column":76},"end":{"line":41,"column":78}}],"line":41},"13":{"loc":{"start":{"line":64,"column":4},"end":{"line":66,"column":5}},"type":"if","locations":[{"start":{"line":64,"column":4},"end":{"line":66,"column":5}},{"start":{},"end":{}}],"line":64},"14":{"loc":{"start":{"line":91,"column":4},"end":{"line":95,"column":5}},"type":"if","locations":[{"start":{"line":91,"column":4},"end":{"line":95,"column":5}},{"start":{},"end":{}}],"line":91},"15":{"loc":{"start":{"line":98,"column":4},"end":{"line":104,"column":5}},"type":"if","locations":[{"start":{"line":98,"column":4},"end":{"line":104,"column":5}},{"start":{"line":102,"column":11},"end":{"line":104,"column":5}}],"line":98},"16":{"loc":{"start":{"line":122,"column":6},"end":{"line":132,"column":7}},"type":"if","locations":[{"start":{"line":122,"column":6},"end":{"line":132,"column":7}},{"start":{"line":127,"column":13},"end":{"line":132,"column":7}}],"line":122},"17":{"loc":{"start":{"line":162,"column":6},"end":{"line":168,"column":7}},"type":"if","locations":[{"start":{"line":162,"column":6},"end":{"line":168,"column":7}},{"start":{"line":164,"column":13},"end":{"line":168,"column":7}}],"line":162},"18":{"loc":{"start":{"line":172,"column":4},"end":{"line":174,"column":5}},"type":"if","locations":[{"start":{"line":172,"column":4},"end":{"line":174,"column":5}},{"start":{},"end":{}}],"line":172},"19":{"loc":{"start":{"line":179,"column":2},"end":{"line":185,"column":3}},"type":"if","locations":[{"start":{"line":179,"column":2},"end":{"line":185,"column":3}},{"start":{},"end":{}}],"line":179},"20":{"loc":{"start":{"line":239,"column":8},"end":{"line":248,"column":9}},"type":"if","locations":[{"start":{"line":239,"column":8},"end":{"line":248,"column":9}},{"start":{"line":241,"column":15},"end":{"line":248,"column":9}}],"line":239},"21":{"loc":{"start":{"line":280,"column":2},"end":{"line":282,"column":3}},"type":"if","locations":[{"start":{"line":280,"column":2},"end":{"line":282,"column":3}},{"start":{},"end":{}}],"line":280},"22":{"loc":{"start":{"line":290,"column":4},"end":{"line":293,"column":5}},"type":"if","locations":[{"start":{"line":290,"column":4},"end":{"line":293,"column":5}},{"start":{},"end":{}}],"line":290},"23":{"loc":{"start":{"line":302,"column":4},"end":{"line":309,"column":5}},"type":"if","locations":[{"start":{"line":302,"column":4},"end":{"line":309,"column":5}},{"start":{"line":306,"column":11},"end":{"line":309,"column":5}}],"line":302},"24":{"loc":{"start":{"line":302,"column":8},"end":{"line":302,"column":54}},"type":"binary-expr","locations":[{"start":{"line":302,"column":8},"end":{"line":302,"column":21}},{"start":{"line":302,"column":25},"end":{"line":302,"column":54}}],"line":302},"25":{"loc":{"start":{"line":334,"column":6},"end":{"line":343,"column":7}},"type":"if","locations":[{"start":{"line":334,"column":6},"end":{"line":343,"column":7}},{"start":{"line":339,"column":13},"end":{"line":343,"column":7}}],"line":334},"26":{"loc":{"start":{"line":341,"column":10},"end":{"line":341,"column":78}},"type":"binary-expr","locations":[{"start":{"line":341,"column":10},"end":{"line":341,"column":22}},{"start":{"line":341,"column":26},"end":{"line":341,"column":78}}],"line":341},"27":{"loc":{"start":{"line":361,"column":4},"end":{"line":366,"column":5}},"type":"if","locations":[{"start":{"line":361,"column":4},"end":{"line":366,"column":5}},{"start":{"line":364,"column":11},"end":{"line":366,"column":5}}],"line":361},"28":{"loc":{"start":{"line":361,"column":8},"end":{"line":361,"column":38}},"type":"binary-expr","locations":[{"start":{"line":361,"column":8},"end":{"line":361,"column":23}},{"start":{"line":361,"column":27},"end":{"line":361,"column":38}}],"line":361}},"s":{"0":5,"1":5,"2":3,"3":3,"4":3,"5":3,"6":3,"7":3,"8":3,"9":2,"10":2,"11":2,"12":2,"13":2,"14":1,"15":1,"16":1,"17":2,"18":2,"19":2,"20":1,"21":0,"22":1,"23":1,"24":1,"25":1,"26":1,"27":0,"28":1,"29":0,"30":0,"31":0,"32":0,"33":0,"34":0,"35":0,"36":0,"37":0,"38":0,"39":0,"40":0,"41":0,"42":0,"43":0,"44":0,"45":0,"46":0,"47":0,"48":0,"49":0,"50":0,"51":0,"52":0,"53":0,"54":0,"55":1,"56":0,"57":0,"58":0,"59":0,"60":0,"61":0,"62":0,"63":0,"64":0,"65":0,"66":0,"67":0,"68":0,"69":0,"70":0,"71":1,"72":0,"73":0,"74":0,"75":0,"76":0,"77":0,"78":0,"79":0,"80":0,"81":0,"82":1,"83":0,"84":1,"85":0,"86":0,"87":0,"88":0,"89":0,"90":0,"91":0,"92":0,"93":0,"94":0,"95":0,"96":0,"97":0,"98":0,"99":0,"100":0,"101":0,"102":0,"103":0,"104":0,"105":0,"106":0,"107":0,"108":0,"109":0,"110":0,"111":0,"112":0,"113":1,"114":0,"115":0,"116":0,"117":1,"118":0,"119":0,"120":0,"121":0,"122":0,"123":0,"124":0,"125":0,"126":0,"127":0,"128":0,"129":0,"130":0,"131":0,"132":0,"133":0,"134":0,"135":0,"136":0,"137":0,"138":0,"139":0,"140":0,"141":0,"142":0,"143":0,"144":0,"145":1,"146":0,"147":0,"148":0,"149":0,"150":0,"151":0,"152":1},"f":{"0":5,"1":2,"2":2,"3":0,"4":0,"5":0,"6":0,"7":0,"8":0,"9":0,"10":0,"11":0,"12":0,"13":0,"14":0,"15":0},"b":{"0":[3,2],"1":[3,2],"2":[3,2],"3":[3,3],"4":[3,2],"5":[3,2],"6":[3,2],"7":[1,1],"8":[1,0],"9":[1,0],"10":[1,0],"11":[1,0],"12":[1,0],"13":[0,1],"14":[0,0],"15":[0,0],"16":[0,0],"17":[0,0],"18":[0,0],"19":[0,0],"20":[0,0],"21":[0,0],"22":[0,0],"23":[0,0],"24":[0,0],"25":[0,0],"26":[0,0],"27":[0,0],"28":[0,0]},"_coverageSchema":"1a1c01bbd47fc00a2c39e90264f33305004495a9","hash":"a2b87ad262157e78cb9f376836b1956c0dd3e95e"}
}
