{"C:\\Users\\ale07\\OneDrive\\School\\Spring 2024\\4353\\cosc4353_project\\js\\scripts.js": {"path":"C:\\Users\\ale07\\OneDrive\\School\\Spring 2024\\4353\\cosc4353_project\\js\\scripts.js","statementMap":{"0":{"start":{"line":3,"column":19},"end":{"line":3,"column":65}},"1":{"start":{"line":5,"column":2},"end":{"line":32,"column":3}},"2":{"start":{"line":7,"column":4},"end":{"line":7,"column":67}},"3":{"start":{"line":8,"column":4},"end":{"line":8,"column":68}},"4":{"start":{"line":9,"column":4},"end":{"line":9,"column":72}},"5":{"start":{"line":10,"column":4},"end":{"line":10,"column":78}},"6":{"start":{"line":13,"column":4},"end":{"line":14,"column":24}},"7":{"start":{"line":15,"column":4},"end":{"line":23,"column":6}},"8":{"start":{"line":26,"column":4},"end":{"line":26,"column":73}},"9":{"start":{"line":29,"column":4},"end":{"line":29,"column":68}},"10":{"start":{"line":30,"column":4},"end":{"line":30,"column":69}},"11":{"start":{"line":31,"column":4},"end":{"line":31,"column":71}},"12":{"start":{"line":36,"column":19},"end":{"line":36,"column":65}},"13":{"start":{"line":37,"column":2},"end":{"line":49,"column":3}},"14":{"start":{"line":39,"column":24},"end":{"line":43,"column":29}},"15":{"start":{"line":45,"column":4},"end":{"line":45,"column":67}},"16":{"start":{"line":48,"column":4},"end":{"line":48,"column":58}},"17":{"start":{"line":54,"column":4},"end":{"line":54,"column":71}},"18":{"start":{"line":56,"column":2},"end":{"line":73,"column":3}},"19":{"start":{"line":57,"column":21},"end":{"line":63,"column":6}},"20":{"start":{"line":64,"column":4},"end":{"line":66,"column":5}},"21":{"start":{"line":65,"column":6},"end":{"line":65,"column":53}},"22":{"start":{"line":68,"column":17},"end":{"line":68,"column":38}},"23":{"start":{"line":69,"column":4},"end":{"line":69,"column":16}},"24":{"start":{"line":71,"column":4},"end":{"line":71,"column":56}},"25":{"start":{"line":72,"column":4},"end":{"line":72,"column":14}},"26":{"start":{"line":76,"column":0},"end":{"line":78,"column":3}},"27":{"start":{"line":77,"column":2},"end":{"line":77,"column":24}},"28":{"start":{"line":80,"column":0},"end":{"line":136,"column":5}},"29":{"start":{"line":83,"column":4},"end":{"line":83,"column":27}},"30":{"start":{"line":84,"column":19},"end":{"line":84,"column":67}},"31":{"start":{"line":85,"column":26},"end":{"line":85,"column":75}},"32":{"start":{"line":86,"column":19},"end":{"line":86,"column":67}},"33":{"start":{"line":87,"column":24},"end":{"line":87,"column":64}},"34":{"start":{"line":88,"column":22},"end":{"line":88,"column":60}},"35":{"start":{"line":91,"column":4},"end":{"line":95,"column":5}},"36":{"start":{"line":92,"column":6},"end":{"line":92,"column":50}},"37":{"start":{"line":93,"column":6},"end":{"line":93,"column":37}},"38":{"start":{"line":94,"column":6},"end":{"line":94,"column":65}},"39":{"start":{"line":98,"column":4},"end":{"line":104,"column":5}},"40":{"start":{"line":99,"column":6},"end":{"line":99,"column":44}},"41":{"start":{"line":100,"column":6},"end":{"line":100,"column":41}},"42":{"start":{"line":101,"column":6},"end":{"line":101,"column":13}},"43":{"start":{"line":103,"column":6},"end":{"line":103,"column":43}},"44":{"start":{"line":108,"column":6},"end":{"line":108,"column":64}},"45":{"start":{"line":110,"column":4},"end":{"line":135,"column":5}},"46":{"start":{"line":112,"column":23},"end":{"line":118,"column":8}},"47":{"start":{"line":120,"column":19},"end":{"line":120,"column":40}},"48":{"start":{"line":122,"column":6},"end":{"line":132,"column":7}},"49":{"start":{"line":124,"column":8},"end":{"line":124,"column":44}},"50":{"start":{"line":125,"column":8},"end":{"line":125,"column":75}},"51":{"start":{"line":129,"column":8},"end":{"line":129,"column":40}},"52":{"start":{"line":130,"column":8},"end":{"line":130,"column":47}},"53":{"start":{"line":131,"column":8},"end":{"line":131,"column":43}},"54":{"start":{"line":134,"column":6},"end":{"line":134,"column":44}},"55":{"start":{"line":138,"column":0},"end":{"line":186,"column":5}},"56":{"start":{"line":141,"column":4},"end":{"line":141,"column":27}},"57":{"start":{"line":143,"column":19},"end":{"line":143,"column":66}},"58":{"start":{"line":144,"column":19},"end":{"line":144,"column":66}},"59":{"start":{"line":148,"column":6},"end":{"line":148,"column":72}},"60":{"start":{"line":150,"column":4},"end":{"line":182,"column":5}},"61":{"start":{"line":152,"column":23},"end":{"line":158,"column":8}},"62":{"start":{"line":160,"column":19},"end":{"line":160,"column":40}},"63":{"start":{"line":162,"column":6},"end":{"line":174,"column":7}},"64":{"start":{"line":163,"column":8},"end":{"line":163,"column":50}},"65":{"start":{"line":166,"column":10},"end":{"line":166,"column":54}},"66":{"start":{"line":167,"column":8},"end":{"line":168,"column":55}},"67":{"start":{"line":169,"column":8},"end":{"line":169,"column":70}},"68":{"start":{"line":171,"column":8},"end":{"line":171,"column":65}},"69":{"start":{"line":172,"column":8},"end":{"line":172,"column":39}},"70":{"start":{"line":173,"column":8},"end":{"line":173,"column":30}},"71":{"start":{"line":176,"column":6},"end":{"line":176,"column":50}},"72":{"start":{"line":178,"column":35},"end":{"line":178,"column":79}},"73":{"start":{"line":179,"column":6},"end":{"line":180,"column":60}},"74":{"start":{"line":181,"column":6},"end":{"line":181,"column":68}},"75":{"start":{"line":183,"column":4},"end":{"line":185,"column":5}},"76":{"start":{"line":184,"column":6},"end":{"line":184,"column":26}},"77":{"start":{"line":188,"column":0},"end":{"line":206,"column":3}},"78":{"start":{"line":189,"column":19},"end":{"line":189,"column":65}},"79":{"start":{"line":190,"column":2},"end":{"line":196,"column":3}},"80":{"start":{"line":192,"column":4},"end":{"line":192,"column":67}},"81":{"start":{"line":193,"column":4},"end":{"line":193,"column":68}},"82":{"start":{"line":194,"column":4},"end":{"line":194,"column":72}},"83":{"start":{"line":195,"column":4},"end":{"line":195,"column":78}},"84":{"start":{"line":198,"column":2},"end":{"line":205,"column":7}},"85":{"start":{"line":201,"column":6},"end":{"line":201,"column":44}},"86":{"start":{"line":202,"column":6},"end":{"line":202,"column":28}},"87":{"start":{"line":204,"column":6},"end":{"line":204,"column":43}},"88":{"start":{"line":208,"column":0},"end":{"line":210,"column":3}},"89":{"start":{"line":209,"column":2},"end":{"line":209,"column":24}},"90":{"start":{"line":212,"column":0},"end":{"line":266,"column":3}},"91":{"start":{"line":213,"column":2},"end":{"line":265,"column":7}},"92":{"start":{"line":217,"column":19},"end":{"line":217,"column":60}},"93":{"start":{"line":218,"column":23},"end":{"line":218,"column":68}},"94":{"start":{"line":219,"column":23},"end":{"line":219,"column":68}},"95":{"start":{"line":220,"column":19},"end":{"line":220,"column":60}},"96":{"start":{"line":221,"column":20},"end":{"line":221,"column":62}},"97":{"start":{"line":222,"column":22},"end":{"line":222,"column":66}},"98":{"start":{"line":224,"column":23},"end":{"line":224,"column":69}},"99":{"start":{"line":225,"column":21},"end":{"line":225,"column":32}},"100":{"start":{"line":226,"column":23},"end":{"line":226,"column":40}},"101":{"start":{"line":229,"column":8},"end":{"line":229,"column":71}},"102":{"start":{"line":231,"column":6},"end":{"line":264,"column":7}},"103":{"start":{"line":232,"column":28},"end":{"line":241,"column":9}},"104":{"start":{"line":243,"column":25},"end":{"line":249,"column":10}},"105":{"start":{"line":250,"column":21},"end":{"line":250,"column":42}},"106":{"start":{"line":252,"column":8},"end":{"line":261,"column":9}},"107":{"start":{"line":253,"column":10},"end":{"line":253,"column":53}},"108":{"start":{"line":255,"column":10},"end":{"line":255,"column":74}},"109":{"start":{"line":257,"column":10},"end":{"line":257,"column":32}},"110":{"start":{"line":258,"column":10},"end":{"line":258,"column":44}},"111":{"start":{"line":263,"column":8},"end":{"line":263,"column":53}},"112":{"start":{"line":268,"column":32},"end":{"line":268,"column":35}},"113":{"start":{"line":271,"column":25},"end":{"line":271,"column":53}},"114":{"start":{"line":272,"column":28},"end":{"line":272,"column":49}},"115":{"start":{"line":273,"column":33},"end":{"line":273,"column":61}},"116":{"start":{"line":274,"column":30},"end":{"line":274,"column":33}},"117":{"start":{"line":278,"column":4},"end":{"line":282,"column":26}},"118":{"start":{"line":283,"column":25},"end":{"line":283,"column":55}},"119":{"start":{"line":285,"column":2},"end":{"line":285,"column":24}},"120":{"start":{"line":289,"column":17},"end":{"line":289,"column":66}},"121":{"start":{"line":290,"column":21},"end":{"line":290,"column":56}},"122":{"start":{"line":292,"column":2},"end":{"line":292,"column":26}},"123":{"start":{"line":293,"column":21},"end":{"line":293,"column":42}},"124":{"start":{"line":294,"column":2},"end":{"line":294,"column":51}},"125":{"start":{"line":296,"column":19},"end":{"line":296,"column":65}},"126":{"start":{"line":297,"column":16},"end":{"line":297,"column":30}},"127":{"start":{"line":298,"column":2},"end":{"line":298,"column":28}},"128":{"start":{"line":299,"column":2},"end":{"line":308,"column":3}},"129":{"start":{"line":301,"column":24},"end":{"line":305,"column":29}},"130":{"start":{"line":307,"column":4},"end":{"line":307,"column":35}},"131":{"start":{"line":309,"column":2},"end":{"line":309,"column":28}},"132":{"start":{"line":311,"column":20},"end":{"line":311,"column":65}},"133":{"start":{"line":312,"column":2},"end":{"line":312,"column":27}},"134":{"start":{"line":313,"column":2},"end":{"line":324,"column":5}},"135":{"start":{"line":314,"column":4},"end":{"line":314,"column":30}},"136":{"start":{"line":315,"column":16},"end":{"line":315,"column":44}},"137":{"start":{"line":316,"column":4},"end":{"line":322,"column":10}},"138":{"start":{"line":323,"column":4},"end":{"line":323,"column":31}},"139":{"start":{"line":328,"column":0},"end":{"line":333,"column":3}},"140":{"start":{"line":329,"column":19},"end":{"line":329,"column":65}},"141":{"start":{"line":330,"column":2},"end":{"line":332,"column":3}},"142":{"start":{"line":331,"column":4},"end":{"line":331,"column":24}},"143":{"start":{"line":334,"column":0},"end":{"line":334,"column":26}},"144":{"start":{"line":335,"column":0},"end":{"line":402,"column":5}},"145":{"start":{"line":338,"column":4},"end":{"line":338,"column":27}},"146":{"start":{"line":340,"column":21},"end":{"line":340,"column":67}},"147":{"start":{"line":341,"column":4},"end":{"line":344,"column":5}},"148":{"start":{"line":342,"column":6},"end":{"line":342,"column":53}},"149":{"start":{"line":343,"column":6},"end":{"line":343,"column":13}},"150":{"start":{"line":346,"column":29},"end":{"line":346,"column":78}},"151":{"start":{"line":347,"column":28},"end":{"line":347,"column":76}},"152":{"start":{"line":348,"column":25},"end":{"line":348,"column":70}},"153":{"start":{"line":349,"column":27},"end":{"line":349,"column":74}},"154":{"start":{"line":350,"column":23},"end":{"line":350,"column":70}},"155":{"start":{"line":353,"column":4},"end":{"line":360,"column":5}},"156":{"start":{"line":354,"column":6},"end":{"line":354,"column":68}},"157":{"start":{"line":355,"column":6},"end":{"line":355,"column":40}},"158":{"start":{"line":356,"column":6},"end":{"line":356,"column":13}},"159":{"start":{"line":358,"column":6},"end":{"line":358,"column":33}},"160":{"start":{"line":359,"column":6},"end":{"line":359,"column":39}},"161":{"start":{"line":363,"column":21},"end":{"line":369,"column":5}},"162":{"start":{"line":371,"column":4},"end":{"line":401,"column":5}},"163":{"start":{"line":372,"column":23},"end":{"line":381,"column":7}},"164":{"start":{"line":383,"column":19},"end":{"line":383,"column":40}},"165":{"start":{"line":385,"column":6},"end":{"line":394,"column":7}},"166":{"start":{"line":386,"column":8},"end":{"line":386,"column":72}},"167":{"start":{"line":387,"column":8},"end":{"line":388,"column":69}},"168":{"start":{"line":391,"column":8},"end":{"line":393,"column":10}},"169":{"start":{"line":396,"column":6},"end":{"line":396,"column":63}},"170":{"start":{"line":397,"column":6},"end":{"line":397,"column":70}},"171":{"start":{"line":398,"column":6},"end":{"line":400,"column":63}},"172":{"start":{"line":403,"column":0},"end":{"line":417,"column":5}},"173":{"start":{"line":406,"column":20},"end":{"line":406,"column":42}},"174":{"start":{"line":407,"column":27},"end":{"line":409,"column":5}},"175":{"start":{"line":411,"column":4},"end":{"line":416,"column":5}},"176":{"start":{"line":412,"column":25},"end":{"line":412,"column":49}},"177":{"start":{"line":413,"column":6},"end":{"line":413,"column":78}},"178":{"start":{"line":415,"column":6},"end":{"line":415,"column":59}},"179":{"start":{"line":418,"column":0},"end":{"line":439,"column":5}},"180":{"start":{"line":421,"column":20},"end":{"line":421,"column":42}},"181":{"start":{"line":422,"column":4},"end":{"line":438,"column":5}},"182":{"start":{"line":423,"column":23},"end":{"line":423,"column":69}},"183":{"start":{"line":424,"column":20},"end":{"line":424,"column":34}},"184":{"start":{"line":425,"column":25},"end":{"line":425,"column":72}},"185":{"start":{"line":426,"column":29},"end":{"line":426,"column":75}},"186":{"start":{"line":428,"column":6},"end":{"line":429,"column":34}},"187":{"start":{"line":432,"column":25},"end":{"line":432,"column":49}},"188":{"start":{"line":433,"column":6},"end":{"line":433,"column":78}},"189":{"start":{"line":436,"column":6},"end":{"line":436,"column":59}},"190":{"start":{"line":437,"column":6},"end":{"line":437,"column":59}},"191":{"start":{"line":441,"column":0},"end":{"line":446,"column":2}}},"fnMap":{"0":{"name":"updateUserInterface","decl":{"start":{"line":1,"column":9},"end":{"line":1,"column":28}},"loc":{"start":{"line":1,"column":31},"end":{"line":33,"column":1}},"line":1},"1":{"name":"populateDeliveryAddress","decl":{"start":{"line":35,"column":9},"end":{"line":35,"column":32}},"loc":{"start":{"line":35,"column":35},"end":{"line":50,"column":1}},"line":35},"2":{"name":"getFuelQuotesByUserId","decl":{"start":{"line":52,"column":15},"end":{"line":52,"column":36}},"loc":{"start":{"line":52,"column":45},"end":{"line":74,"column":1}},"line":52},"3":{"name":"(anonymous_3)","decl":{"start":{"line":76,"column":46},"end":{"line":76,"column":47}},"loc":{"start":{"line":76,"column":58},"end":{"line":78,"column":1}},"line":76},"4":{"name":"(anonymous_4)","decl":{"start":{"line":82,"column":30},"end":{"line":82,"column":31}},"loc":{"start":{"line":82,"column":53},"end":{"line":136,"column":3}},"line":82},"5":{"name":"(anonymous_5)","decl":{"start":{"line":140,"column":30},"end":{"line":140,"column":31}},"loc":{"start":{"line":140,"column":53},"end":{"line":186,"column":3}},"line":140},"6":{"name":"(anonymous_6)","decl":{"start":{"line":188,"column":46},"end":{"line":188,"column":47}},"loc":{"start":{"line":188,"column":58},"end":{"line":206,"column":1}},"line":188},"7":{"name":"(anonymous_7)","decl":{"start":{"line":200,"column":31},"end":{"line":200,"column":32}},"loc":{"start":{"line":200,"column":43},"end":{"line":205,"column":5}},"line":200},"8":{"name":"(anonymous_8)","decl":{"start":{"line":208,"column":46},"end":{"line":208,"column":47}},"loc":{"start":{"line":208,"column":58},"end":{"line":210,"column":1}},"line":208},"9":{"name":"(anonymous_9)","decl":{"start":{"line":212,"column":46},"end":{"line":212,"column":47}},"loc":{"start":{"line":212,"column":58},"end":{"line":266,"column":1}},"line":212},"10":{"name":"(anonymous_10)","decl":{"start":{"line":215,"column":31},"end":{"line":215,"column":32}},"loc":{"start":{"line":215,"column":49},"end":{"line":265,"column":5}},"line":215},"11":{"name":"calculateFuelPrice","decl":{"start":{"line":267,"column":9},"end":{"line":267,"column":27}},"loc":{"start":{"line":267,"column":56},"end":{"line":286,"column":1}},"line":267},"12":{"name":"displayFuelQuotes","decl":{"start":{"line":288,"column":15},"end":{"line":288,"column":32}},"loc":{"start":{"line":288,"column":35},"end":{"line":325,"column":1}},"line":288},"13":{"name":"(anonymous_13)","decl":{"start":{"line":313,"column":21},"end":{"line":313,"column":22}},"loc":{"start":{"line":313,"column":32},"end":{"line":324,"column":3}},"line":313},"14":{"name":"(anonymous_14)","decl":{"start":{"line":328,"column":46},"end":{"line":328,"column":47}},"loc":{"start":{"line":328,"column":58},"end":{"line":333,"column":1}},"line":328},"15":{"name":"(anonymous_15)","decl":{"start":{"line":337,"column":30},"end":{"line":337,"column":31}},"loc":{"start":{"line":337,"column":53},"end":{"line":402,"column":3}},"line":337},"16":{"name":"(anonymous_16)","decl":{"start":{"line":405,"column":29},"end":{"line":405,"column":30}},"loc":{"start":{"line":405,"column":41},"end":{"line":417,"column":3}},"line":405},"17":{"name":"(anonymous_17)","decl":{"start":{"line":420,"column":29},"end":{"line":420,"column":30}},"loc":{"start":{"line":420,"column":41},"end":{"line":439,"column":3}},"line":420}},"branchMap":{"0":{"loc":{"start":{"line":5,"column":2},"end":{"line":32,"column":3}},"type":"if","locations":[{"start":{"line":5,"column":2},"end":{"line":32,"column":3}},{"start":{"line":27,"column":9},"end":{"line":32,"column":3}}],"line":5},"1":{"loc":{"start":{"line":17,"column":31},"end":{"line":17,"column":62}},"type":"binary-expr","locations":[{"start":{"line":17,"column":31},"end":{"line":17,"column":44}},{"start":{"line":17,"column":48},"end":{"line":17,"column":62}}],"line":17},"2":{"loc":{"start":{"line":18,"column":36},"end":{"line":18,"column":71}},"type":"binary-expr","locations":[{"start":{"line":18,"column":36},"end":{"line":18,"column":53}},{"start":{"line":18,"column":57},"end":{"line":18,"column":71}}],"line":18},"3":{"loc":{"start":{"line":19,"column":36},"end":{"line":19,"column":71}},"type":"binary-expr","locations":[{"start":{"line":19,"column":36},"end":{"line":19,"column":53}},{"start":{"line":19,"column":57},"end":{"line":19,"column":71}}],"line":19},"4":{"loc":{"start":{"line":20,"column":31},"end":{"line":20,"column":62}},"type":"binary-expr","locations":[{"start":{"line":20,"column":31},"end":{"line":20,"column":44}},{"start":{"line":20,"column":48},"end":{"line":20,"column":62}}],"line":20},"5":{"loc":{"start":{"line":21,"column":32},"end":{"line":21,"column":64}},"type":"binary-expr","locations":[{"start":{"line":21,"column":32},"end":{"line":21,"column":46}},{"start":{"line":21,"column":50},"end":{"line":21,"column":64}}],"line":21},"6":{"loc":{"start":{"line":22,"column":34},"end":{"line":22,"column":68}},"type":"binary-expr","locations":[{"start":{"line":22,"column":34},"end":{"line":22,"column":50}},{"start":{"line":22,"column":54},"end":{"line":22,"column":68}}],"line":22},"7":{"loc":{"start":{"line":37,"column":2},"end":{"line":49,"column":3}},"type":"if","locations":[{"start":{"line":37,"column":2},"end":{"line":49,"column":3}},{"start":{"line":46,"column":9},"end":{"line":49,"column":3}}],"line":37},"8":{"loc":{"start":{"line":39,"column":27},"end":{"line":39,"column":50}},"type":"binary-expr","locations":[{"start":{"line":39,"column":27},"end":{"line":39,"column":44}},{"start":{"line":39,"column":48},"end":{"line":39,"column":50}}],"line":39},"9":{"loc":{"start":{"line":40,"column":6},"end":{"line":40,"column":29}},"type":"binary-expr","locations":[{"start":{"line":40,"column":6},"end":{"line":40,"column":23}},{"start":{"line":40,"column":27},"end":{"line":40,"column":29}}],"line":40},"10":{"loc":{"start":{"line":41,"column":9},"end":{"line":41,"column":28}},"type":"binary-expr","locations":[{"start":{"line":41,"column":9},"end":{"line":41,"column":22}},{"start":{"line":41,"column":26},"end":{"line":41,"column":28}}],"line":41},"11":{"loc":{"start":{"line":41,"column":32},"end":{"line":41,"column":52}},"type":"binary-expr","locations":[{"start":{"line":41,"column":32},"end":{"line":41,"column":46}},{"start":{"line":41,"column":50},"end":{"line":41,"column":52}}],"line":41},"12":{"loc":{"start":{"line":41,"column":56},"end":{"line":41,"column":78}},"type":"binary-expr","locations":[{"start":{"line":41,"column":56},"end":{"line":41,"column":72}},{"start":{"line":41,"column":76},"end":{"line":41,"column":78}}],"line":41},"13":{"loc":{"start":{"line":64,"column":4},"end":{"line":66,"column":5}},"type":"if","locations":[{"start":{"line":64,"column":4},"end":{"line":66,"column":5}},{"start":{},"end":{}}],"line":64},"14":{"loc":{"start":{"line":91,"column":4},"end":{"line":95,"column":5}},"type":"if","locations":[{"start":{"line":91,"column":4},"end":{"line":95,"column":5}},{"start":{},"end":{}}],"line":91},"15":{"loc":{"start":{"line":98,"column":4},"end":{"line":104,"column":5}},"type":"if","locations":[{"start":{"line":98,"column":4},"end":{"line":104,"column":5}},{"start":{"line":102,"column":11},"end":{"line":104,"column":5}}],"line":98},"16":{"loc":{"start":{"line":122,"column":6},"end":{"line":132,"column":7}},"type":"if","locations":[{"start":{"line":122,"column":6},"end":{"line":132,"column":7}},{"start":{"line":127,"column":13},"end":{"line":132,"column":7}}],"line":122},"17":{"loc":{"start":{"line":162,"column":6},"end":{"line":174,"column":7}},"type":"if","locations":[{"start":{"line":162,"column":6},"end":{"line":174,"column":7}},{"start":{"line":170,"column":13},"end":{"line":174,"column":7}}],"line":162},"18":{"loc":{"start":{"line":183,"column":4},"end":{"line":185,"column":5}},"type":"if","locations":[{"start":{"line":183,"column":4},"end":{"line":185,"column":5}},{"start":{},"end":{}}],"line":183},"19":{"loc":{"start":{"line":190,"column":2},"end":{"line":196,"column":3}},"type":"if","locations":[{"start":{"line":190,"column":2},"end":{"line":196,"column":3}},{"start":{},"end":{}}],"line":190},"20":{"loc":{"start":{"line":252,"column":8},"end":{"line":261,"column":9}},"type":"if","locations":[{"start":{"line":252,"column":8},"end":{"line":261,"column":9}},{"start":{"line":254,"column":15},"end":{"line":261,"column":9}}],"line":252},"21":{"loc":{"start":{"line":271,"column":25},"end":{"line":271,"column":53}},"type":"cond-expr","locations":[{"start":{"line":271,"column":42},"end":{"line":271,"column":46}},{"start":{"line":271,"column":49},"end":{"line":271,"column":53}}],"line":271},"22":{"loc":{"start":{"line":272,"column":28},"end":{"line":272,"column":49}},"type":"cond-expr","locations":[{"start":{"line":272,"column":41},"end":{"line":272,"column":45}},{"start":{"line":272,"column":48},"end":{"line":272,"column":49}}],"line":272},"23":{"loc":{"start":{"line":273,"column":33},"end":{"line":273,"column":61}},"type":"cond-expr","locations":[{"start":{"line":273,"column":50},"end":{"line":273,"column":54}},{"start":{"line":273,"column":57},"end":{"line":273,"column":61}}],"line":273},"24":{"loc":{"start":{"line":299,"column":2},"end":{"line":308,"column":3}},"type":"if","locations":[{"start":{"line":299,"column":2},"end":{"line":308,"column":3}},{"start":{},"end":{}}],"line":299},"25":{"loc":{"start":{"line":301,"column":27},"end":{"line":301,"column":50}},"type":"binary-expr","locations":[{"start":{"line":301,"column":27},"end":{"line":301,"column":44}},{"start":{"line":301,"column":48},"end":{"line":301,"column":50}}],"line":301},"26":{"loc":{"start":{"line":302,"column":6},"end":{"line":302,"column":29}},"type":"binary-expr","locations":[{"start":{"line":302,"column":6},"end":{"line":302,"column":23}},{"start":{"line":302,"column":27},"end":{"line":302,"column":29}}],"line":302},"27":{"loc":{"start":{"line":303,"column":9},"end":{"line":303,"column":28}},"type":"binary-expr","locations":[{"start":{"line":303,"column":9},"end":{"line":303,"column":22}},{"start":{"line":303,"column":26},"end":{"line":303,"column":28}}],"line":303},"28":{"loc":{"start":{"line":303,"column":32},"end":{"line":303,"column":52}},"type":"binary-expr","locations":[{"start":{"line":303,"column":32},"end":{"line":303,"column":46}},{"start":{"line":303,"column":50},"end":{"line":303,"column":52}}],"line":303},"29":{"loc":{"start":{"line":303,"column":56},"end":{"line":303,"column":78}},"type":"binary-expr","locations":[{"start":{"line":303,"column":56},"end":{"line":303,"column":72}},{"start":{"line":303,"column":76},"end":{"line":303,"column":78}}],"line":303},"30":{"loc":{"start":{"line":330,"column":2},"end":{"line":332,"column":3}},"type":"if","locations":[{"start":{"line":330,"column":2},"end":{"line":332,"column":3}},{"start":{},"end":{}}],"line":330},"31":{"loc":{"start":{"line":341,"column":4},"end":{"line":344,"column":5}},"type":"if","locations":[{"start":{"line":341,"column":4},"end":{"line":344,"column":5}},{"start":{},"end":{}}],"line":341},"32":{"loc":{"start":{"line":353,"column":4},"end":{"line":360,"column":5}},"type":"if","locations":[{"start":{"line":353,"column":4},"end":{"line":360,"column":5}},{"start":{"line":357,"column":11},"end":{"line":360,"column":5}}],"line":353},"33":{"loc":{"start":{"line":353,"column":8},"end":{"line":353,"column":54}},"type":"binary-expr","locations":[{"start":{"line":353,"column":8},"end":{"line":353,"column":21}},{"start":{"line":353,"column":25},"end":{"line":353,"column":54}}],"line":353},"34":{"loc":{"start":{"line":385,"column":6},"end":{"line":394,"column":7}},"type":"if","locations":[{"start":{"line":385,"column":6},"end":{"line":394,"column":7}},{"start":{"line":390,"column":13},"end":{"line":394,"column":7}}],"line":385},"35":{"loc":{"start":{"line":392,"column":10},"end":{"line":392,"column":78}},"type":"binary-expr","locations":[{"start":{"line":392,"column":10},"end":{"line":392,"column":22}},{"start":{"line":392,"column":26},"end":{"line":392,"column":78}}],"line":392},"36":{"loc":{"start":{"line":411,"column":4},"end":{"line":416,"column":5}},"type":"if","locations":[{"start":{"line":411,"column":4},"end":{"line":416,"column":5}},{"start":{"line":414,"column":11},"end":{"line":416,"column":5}}],"line":411},"37":{"loc":{"start":{"line":411,"column":8},"end":{"line":411,"column":38}},"type":"binary-expr","locations":[{"start":{"line":411,"column":8},"end":{"line":411,"column":23}},{"start":{"line":411,"column":27},"end":{"line":411,"column":38}}],"line":411},"38":{"loc":{"start":{"line":422,"column":4},"end":{"line":438,"column":5}},"type":"if","locations":[{"start":{"line":422,"column":4},"end":{"line":438,"column":5}},{"start":{"line":434,"column":11},"end":{"line":438,"column":5}}],"line":422},"39":{"loc":{"start":{"line":422,"column":8},"end":{"line":422,"column":38}},"type":"binary-expr","locations":[{"start":{"line":422,"column":8},"end":{"line":422,"column":23}},{"start":{"line":422,"column":27},"end":{"line":422,"column":38}}],"line":422}},"s":{"0":7,"1":7,"2":3,"3":3,"4":3,"5":3,"6":3,"7":3,"8":3,"9":4,"10":2,"11":2,"12":5,"13":5,"14":2,"15":2,"16":3,"17":2,"18":2,"19":2,"20":1,"21":0,"22":1,"23":1,"24":1,"25":1,"26":1,"27":1,"28":1,"29":0,"30":0,"31":0,"32":0,"33":0,"34":0,"35":0,"36":0,"37":0,"38":0,"39":0,"40":0,"41":0,"42":0,"43":0,"44":0,"45":0,"46":0,"47":0,"48":0,"49":0,"50":0,"51":0,"52":0,"53":0,"54":0,"55":1,"56":0,"57":0,"58":0,"59":0,"60":0,"61":0,"62":0,"63":0,"64":0,"65":0,"66":0,"67":0,"68":0,"69":0,"70":0,"71":0,"72":0,"73":0,"74":0,"75":0,"76":0,"77":1,"78":1,"79":1,"80":0,"81":0,"82":0,"83":0,"84":1,"85":0,"86":0,"87":0,"88":1,"89":1,"90":1,"91":1,"92":0,"93":0,"94":0,"95":0,"96":0,"97":0,"98":0,"99":0,"100":0,"101":0,"102":0,"103":0,"104":0,"105":0,"106":0,"107":0,"108":0,"109":0,"110":0,"111":0,"112":0,"113":0,"114":0,"115":0,"116":0,"117":0,"118":0,"119":0,"120":0,"121":0,"122":0,"123":0,"124":0,"125":0,"126":0,"127":0,"128":0,"129":0,"130":0,"131":0,"132":0,"133":0,"134":0,"135":0,"136":0,"137":0,"138":0,"139":1,"140":1,"141":1,"142":0,"143":1,"144":1,"145":0,"146":0,"147":0,"148":0,"149":0,"150":0,"151":0,"152":0,"153":0,"154":0,"155":0,"156":0,"157":0,"158":0,"159":0,"160":0,"161":0,"162":0,"163":0,"164":0,"165":0,"166":0,"167":0,"168":0,"169":0,"170":0,"171":0,"172":1,"173":0,"174":0,"175":0,"176":0,"177":0,"178":0,"179":1,"180":0,"181":0,"182":0,"183":0,"184":0,"185":0,"186":0,"187":0,"188":0,"189":0,"190":0,"191":1},"f":{"0":7,"1":5,"2":2,"3":1,"4":0,"5":0,"6":1,"7":0,"8":1,"9":1,"10":0,"11":0,"12":0,"13":0,"14":1,"15":0,"16":0,"17":0},"b":{"0":[3,4],"1":[3,2],"2":[3,2],"3":[3,3],"4":[3,2],"5":[3,2],"6":[3,2],"7":[2,3],"8":[2,0],"9":[2,0],"10":[2,0],"11":[2,0],"12":[2,0],"13":[0,1],"14":[0,0],"15":[0,0],"16":[0,0],"17":[0,0],"18":[0,0],"19":[0,1],"20":[0,0],"21":[0,0],"22":[0,0],"23":[0,0],"24":[0,0],"25":[0,0],"26":[0,0],"27":[0,0],"28":[0,0],"29":[0,0],"30":[0,1],"31":[0,0],"32":[0,0],"33":[0,0],"34":[0,0],"35":[0,0],"36":[0,0],"37":[0,0],"38":[0,0],"39":[0,0]},"_coverageSchema":"1a1c01bbd47fc00a2c39e90264f33305004495a9","hash":"a20ac51bc8c8a6d27ba603c0d7b0355911a11a4b"}
}
