TN:
SF:js/scripts.js
FN:1,updateUserInterface
FN:33,(anonymous_1)
FN:39,(anonymous_2)
FN:97,(anonymous_3)
FN:131,(anonymous_4)
FN:143,(anonymous_5)
FN:151,(anonymous_6)
FN:155,(anonymous_7)
FN:158,(anonymous_8)
FN:203,(anonymous_9)
FN:230,(anonymous_10)
FN:247,(anonymous_11)
FN:251,populateFuelHistory
FN:277,(anonymous_13)
FN:291,handleFormSubmit
FNF:15
FNH:4
FNDA:2,updateUserInterface
FNDA:0,(anonymous_1)
FNDA:0,(anonymous_2)
FNDA:0,(anonymous_3)
FNDA:0,(anonymous_4)
FNDA:0,(anonymous_5)
FNDA:0,(anonymous_6)
FNDA:0,(anonymous_7)
FNDA:0,(anonymous_8)
FNDA:0,(anonymous_9)
FNDA:0,(anonymous_10)
FNDA:0,(anonymous_11)
FNDA:1,populateFuelHistory
FNDA:2,(anonymous_13)
FNDA:2,handleFormSubmit
DA:2,2
DA:3,2
DA:5,1
DA:6,1
DA:7,1
DA:8,1
DA:11,1
DA:13,1
DA:24,1
DA:27,1
DA:28,1
DA:29,1
DA:33,1
DA:34,0
DA:37,1
DA:40,0
DA:41,0
DA:42,0
DA:43,0
DA:44,0
DA:45,0
DA:48,0
DA:49,0
DA:50,0
DA:51,0
DA:55,0
DA:56,0
DA:57,0
DA:58,0
DA:60,0
DA:65,0
DA:67,0
DA:69,0
DA:77,0
DA:79,0
DA:81,0
DA:82,0
DA:86,0
DA:87,0
DA:88,0
DA:91,0
DA:95,1
DA:98,0
DA:100,0
DA:101,0
DA:105,0
DA:107,0
DA:109,0
DA:117,0
DA:119,0
DA:120,0
DA:122,0
DA:123,0
DA:124,0
DA:127,0
DA:131,1
DA:132,0
DA:133,0
DA:135,0
DA:136,0
DA:137,0
DA:138,0
DA:141,0
DA:144,0
DA:145,0
DA:147,0
DA:151,1
DA:152,0
DA:155,1
DA:156,0
DA:159,0
DA:160,0
DA:161,0
DA:162,0
DA:163,0
DA:164,0
DA:166,0
DA:167,0
DA:170,0
DA:172,0
DA:173,0
DA:188,0
DA:190,0
DA:191,0
DA:193,0
DA:194,0
DA:195,0
DA:198,0
DA:203,1
DA:204,0
DA:206,0
DA:207,0
DA:208,0
DA:209,0
DA:210,0
DA:213,0
DA:214,0
DA:215,0
DA:216,0
DA:217,0
DA:218,0
DA:221,0
DA:222,0
DA:223,0
DA:224,0
DA:225,0
DA:228,0
DA:231,0
DA:234,0
DA:243,0
DA:247,1
DA:248,0
DA:253,1
DA:271,1
DA:274,1
DA:277,1
DA:278,2
DA:280,2
DA:288,2
DA:293,2
DA:295,2
DA:296,2
DA:304,1
DA:305,0
DA:308,1
DA:309,1
DA:312,1
DA:313,1
DA:318,1
LF:129
LH:36
BRDA:3,0,0,1
BRDA:3,0,1,1
BRDA:15,1,0,1
BRDA:15,1,1,0
BRDA:16,2,0,1
BRDA:16,2,1,0
BRDA:17,3,0,1
BRDA:17,3,1,1
BRDA:18,4,0,1
BRDA:18,4,1,0
BRDA:19,5,0,1
BRDA:19,5,1,0
BRDA:20,6,0,1
BRDA:20,6,1,0
BRDA:48,7,0,0
BRDA:48,7,1,0
BRDA:55,8,0,0
BRDA:55,8,1,0
BRDA:79,9,0,0
BRDA:79,9,1,0
BRDA:119,10,0,0
BRDA:119,10,1,0
BRDA:133,11,0,0
BRDA:133,11,1,0
BRDA:190,12,0,0
BRDA:190,12,1,0
BRDA:304,13,0,0
BRDA:304,13,1,1
BRF:28
BRH:10
end_of_record
